<?xml version="1.0" encoding="UTF-8"?>
<testsuite xmlns:xsi="http://www.w3.org/2001/XMLSchema-instance" xsi:noNamespaceSchemaLocation="https://maven.apache.org/surefire/maven-surefire-plugin/xsd/surefire-test-report.xsd" version="3.0.2" name="proyectoFinal.proyectoFinal.ProyectoFinalApplicationTests" time="10.622" tests="1" errors="0" skipped="0" failures="0">
  <properties>
[...]
</properties>
  <testcase name="contextLoads" classname="proyectoFinal.proyectoFinal.ProyectoFinalApplicationTests" time="0.608">
    <system-out><![CDATA[08:01:21.471 [main] INFO org.springframework.test.context.support.AnnotationConfigContextLoaderUtils -- Could not detect default configuration classes for test class [proyectoFinal.proyectoFinal.ProyectoFinalApplicationTests]: ProyectoFinalApplicationTests does not declare any static, non-private, non-final, nested classes annotated with @Configuration.
08:01:21.755 [main] INFO org.springframework.boot.test.context.SpringBootTestContextBootstrapper -- Found @SpringBootConfiguration proyectoFinal.proyectoFinal.ProyectoFinalApplication for test class proyectoFinal.proyectoFinal.ProyectoFinalApplicationTests
08:01:22.087 [main] INFO org.springframework.boot.devtools.restart.RestartApplicationListener -- Restart disabled due to context in which it is running
08:01  INFO 39980 --- [proyectoFinal] [           main] p.p.ProyectoFinalApplicationTests        : Starting ProyectoFinalApplicationTests using Java 24.0.2 with PID 39980 (started by aaraya in C:\dev\proyectoFinal)
08:01  INFO 39980 --- [proyectoFinal] [           main] p.p.ProyectoFinalApplicationTests        : No active profile set, falling back to 1 default profile: "default"
08:01  INFO 39980 --- [proyectoFinal] [           main] .s.d.r.c.RepositoryConfigurationDelegate : Bootstrapping Spring Data JPA repositories in DEFAULT mode.
08:01  INFO 39980 --- [proyectoFinal] [           main] .s.d.r.c.RepositoryConfigurationDelegate : Finished Spring Data repository scanning in 112 ms. Found 5 JPA repository interfaces.
08:01  INFO 39980 --- [proyectoFinal] [           main] o.hibernate.jpa.internal.util.LogHelper  : HHH000204: Processing PersistenceUnitInfo [name: default]
08:01  INFO 39980 --- [proyectoFinal] [           main] org.hibernate.Version                    : HHH000412: Hibernate ORM core version 6.6.33.Final
08:01  INFO 39980 --- [proyectoFinal] [           main] o.h.c.internal.RegionFactoryInitiator    : HHH000026: Second-level cache disabled
08:01  INFO 39980 --- [proyectoFinal] [           main] o.s.o.j.p.SpringPersistenceUnitInfo      : No LoadTimeWeaver setup: ignoring JPA class transformer
08:01  INFO 39980 --- [proyectoFinal] [           main] com.zaxxer.hikari.HikariDataSource       : HikariPool-1 - Starting...
08:01  INFO 39980 --- [proyectoFinal] [           main] com.zaxxer.hikari.pool.HikariPool        : HikariPool-1 - Added connection com.mysql.cj.jdbc.ConnectionImpl@542ff147
08:01  INFO 39980 --- [proyectoFinal] [           main] com.zaxxer.hikari.HikariDataSource       : HikariPool-1 - Start completed.
08:01  INFO 39980 --- [proyectoFinal] [           main] org.hibernate.orm.connections.pooling    : HHH10001005: Database info:
	Database JDBC URL [Connecting through datasource 'HikariDataSource (HikariPool-1)']
	Database driver: undefined/unknown
	Database version: 8.0.43
	Autocommit mode: undefined/unknown
	Isolation level: undefined/unknown
	Minimum pool size: undefined/unknown
	Maximum pool size: undefined/unknown
08:01  INFO 39980 --- [proyectoFinal] [           main] o.h.e.t.j.p.i.JtaPlatformInitiator       : HHH000489: No JTA platform available (set 'hibernate.transaction.jta.platform' to enable JTA platform integration)
08:01  INFO 39980 --- [proyectoFinal] [           main] j.LocalContainerEntityManagerFactoryBean : Initialized JPA EntityManagerFactory for persistence unit 'default'
08:01  INFO 39980 --- [proyectoFinal] [           main] o.s.d.j.r.query.QueryEnhancerFactory     : Hibernate is in classpath; If applicable, HQL parser will be used.
08:01  WARN 39980 --- [proyectoFinal] [           main] JpaBaseConfiguration$JpaWebConfiguration : spring.jpa.open-in-view is enabled by default. Therefore, database queries may be performed during view rendering. Explicitly configure spring.jpa.open-in-view to disable this warning
08:01  INFO 39980 --- [proyectoFinal] [           main] o.s.b.a.w.s.WelcomePageHandlerMapping    : Adding welcome page template: index
08:01  INFO 39980 --- [proyectoFinal] [           main] eAuthenticationProviderManagerConfigurer : Global AuthenticationManager configured with AuthenticationProvider bean with name authenticationProvider
08:01  WARN 39980 --- [proyectoFinal] [           main] r$InitializeUserDetailsManagerConfigurer : Global AuthenticationManager configured with an AuthenticationProvider bean. UserDetailsService beans will not be used by Spring Security for automatically configuring username/password login. Consider removing the AuthenticationProvider bean. Alternatively, consider using the UserDetailsService in a manually instantiated DaoAuthenticationProvider. If the current configuration is intentional, to turn off this warning, increase the logging level of 'org.springframework.security.config.annotation.authentication.configuration.InitializeUserDetailsBeanManagerConfigurer' to ERROR
08:01  INFO 39980 --- [proyectoFinal] [           main] p.p.ProyectoFinalApplicationTests        : Started ProyectoFinalApplicationTests in 9.085 seconds (process running for 11.388)
]]></system-out>
    <system-err><![CDATA[Mockito is currently self-attaching to enable the inline-mock-maker. This will no longer work in future releases of the JDK. Please add Mockito as an agent to your build as described in Mockito's documentation: https://javadoc.io/doc/org.mockito/mockito-core/latest/org.mockito/org/mockito/Mockito.html#0.3
WARNING: A Java agent has been loaded dynamically (C:\Users\aaraya\.m2\repository\net\bytebuddy\byte-buddy-agent\1.17.8\byte-buddy-agent-1.17.8.jar)
WARNING: If a serviceability tool is in use, please run with -XX:+EnableDynamicAgentLoading to hide this warning
WARNING: If a serviceability tool is not in use, please run with -Djdk.instrument.traceUsage for more information
WARNING: Dynamic loading of agents will be disallowed by default in a future release
]]></system-err>
  </testcase>
</testsuite>